<?xml version="1.0" encoding="UTF-8"?>
<testng-results skipped="0" failed="0" ignored="0" total="3" passed="3">
  <reporter-output>
  </reporter-output>
  <suite name="Default suite" duration-ms="136" started-at="2020-04-19T03:00:04Z" finished-at="2020-04-19T03:00:04Z">
    <groups>
    </groups>
    <test name="Default test" duration-ms="136" started-at="2020-04-19T03:00:04Z" finished-at="2020-04-19T03:00:04Z">
      <class name="testPalluPackage.TestCase1">
        <test-method status="PASS" signature="sample()[pri:0, instance:testPalluPackage.TestCase1@573f2bb1]" name="sample" duration-ms="30" started-at="2020-04-19T03:00:04Z" finished-at="2020-04-19T03:00:04Z">
          <reporter-output>
          </reporter-output>
        </test-method> <!-- sample -->
        <test-method status="PASS" signature="test1()[pri:0, instance:testPalluPackage.TestCase1@573f2bb1]" name="test1" duration-ms="5" started-at="2020-04-19T03:00:04Z" finished-at="2020-04-19T03:00:04Z">
          <reporter-output>
          </reporter-output>
        </test-method> <!-- test1 -->
        <test-method status="PASS" signature="test2()[pri:0, instance:testPalluPackage.TestCase1@573f2bb1]" name="test2" duration-ms="6" started-at="2020-04-19T03:00:04Z" finished-at="2020-04-19T03:00:04Z">
          <reporter-output>
          </reporter-output>
        </test-method> <!-- test2 -->
      </class> <!-- testPalluPackage.TestCase1 -->
    </test> <!-- Default test -->
  </suite> <!-- Default suite -->
</testng-results>
