<?xml version="1.0" encoding="UTF-8"?>
<!-- Generated by org.testng.reporters.JUnitXMLReporter -->
<testsuite hostname="DESKTOP-N02OMTI" ignored="0" name="testcase1" tests="4" failures="0" timestamp="26 Apr 2020 03:26:27 GMT" time="21.476" errors="0">
  <testcase name="f" time="3.022" classname="tests.AddPayee"/>
  <testcase name="f" time="2.705" classname="tests.AddPayee"/>
  <testcase name="f" time="2.806" classname="tests.AddPayee"/>
  <testcase name="f" time="2.582" classname="tests.AddPayee"/>
</testsuite> <!-- testcase1 -->
