<?xml version="1.0" encoding="UTF-8"?>
<!-- Generated by org.testng.reporters.JUnitXMLReporter -->
<testsuite hostname="DESKTOP-N02OMTI" ignored="0" name="test1" tests="3" failures="0" timestamp="23 Apr 2020 02:20:44 GMT" time="0.124" errors="0">
  <testcase name="sample" time="0.024" classname="testng_snippets.TestCase1"/>
  <testcase name="test1" time="0.006" classname="testng_snippets.TestCase1"/>
  <testcase name="test2" time="0.003" classname="testng_snippets.TestCase1"/>
</testsuite> <!-- test1 -->
