<?xml version="1.0" encoding="UTF-8"?>
<!-- Generated by org.testng.reporters.JUnitXMLReporter -->
<testsuite hostname="DESKTOP-N02OMTI" ignored="0" name="Default test" tests="3" failures="0" timestamp="19 Apr 2020 03:00:04 GMT" time="0.136" errors="0">
  <testcase name="sample" time="0.03" classname="testPalluPackage.TestCase1"/>
  <testcase name="test1" time="0.005" classname="testPalluPackage.TestCase1"/>
  <testcase name="test2" time="0.006" classname="testPalluPackage.TestCase1"/>
</testsuite> <!-- Default test -->
